<?xml version="1.0" encoding="UTF-8"?>
<!-- Generated by org.testng.reporters.JUnitReportReporter -->
<testsuite skipped="0" hostname="SMISAL-FXX63M3" name="SeleniumConcepts.WorkWithBrowsers" tests="1" failures="0" timestamp="31 Jan 2023 11:18:53 GMT" time="7.266" errors="0">
  <testcase name="WorkWithBrowsers" time="7.266" classname="SeleniumConcepts.WorkWithBrowsers"/>
</testsuite> <!-- SeleniumConcepts.WorkWithBrowsers -->
