<?xml version="1.0" encoding="UTF-8"?>
<!-- Generated by org.testng.reporters.JUnitReportReporter -->
<testsuite skipped="0" hostname="SMISAL-FXX63M3" name="SeleniumConcepts.TabsAndWindowsDemo" tests="1" failures="0" timestamp="03 Feb 2023 04:56:54 GMT" time="7.535" errors="0">
  <testcase name="tabsAndWindowsTest" time="7.535" classname="SeleniumConcepts.TabsAndWindowsDemo"/>
</testsuite> <!-- SeleniumConcepts.TabsAndWindowsDemo -->
