<?xml version="1.0" encoding="UTF-8"?>
<!-- Generated by org.testng.reporters.JUnitReportReporter -->
<testsuite skipped="0" hostname="SMISAL-FXX63M3" name="testcasesForAmazon.Test3" tests="1" failures="0" timestamp="01 Feb 2023 07:20:39 GMT" time="40.245" errors="0">
  <testcase name="amazonTC3MensWatch" time="40.245" classname="testcasesForAmazon.Test3"/>
</testsuite> <!-- testcasesForAmazon.Test3 -->
