<?xml version="1.0" encoding="UTF-8"?>
<!-- Generated by org.testng.reporters.JUnitReportReporter -->
<testsuite skipped="0" hostname="SMISAL-FXX63M3" name="SeleniumConcepts.AjaxAutoSuggestElement" tests="1" failures="0" timestamp="02 Feb 2023 06:55:14 GMT" time="6.539" errors="0">
  <testcase name="retrieveTableData" time="6.539" classname="SeleniumConcepts.AjaxAutoSuggestElement"/>
</testsuite> <!-- SeleniumConcepts.AjaxAutoSuggestElement -->
