<?xml version="1.0" encoding="UTF-8"?>
<!-- Generated by org.testng.reporters.JUnitReportReporter -->
<testsuite skipped="0" hostname="SMISAL-FXX63M3" name="SeleniumConcepts.MouseActions" tests="1" failures="0" timestamp="03 Feb 2023 06:17:19 GMT" time="9.278" errors="0">
  <testcase name="mouseActionsTest" time="9.278" classname="SeleniumConcepts.MouseActions"/>
</testsuite> <!-- SeleniumConcepts.MouseActions -->
