<?xml version="1.0" encoding="UTF-8"?>
<!-- Generated by org.testng.reporters.JUnitReportReporter -->
<testsuite skipped="0" hostname="SMISAL-FXX63M3" name="SeleniumConcepts.GmailTest" tests="1" failures="0" timestamp="03 Feb 2023 09:17:17 GMT" time="16.950" errors="0">
  <testcase name="gmailTestCase" time="16.950" classname="SeleniumConcepts.GmailTest"/>
</testsuite> <!-- SeleniumConcepts.GmailTest -->
