<?xml version="1.0" encoding="UTF-8"?>
<!-- Generated by org.testng.reporters.JUnitReportReporter -->
<testsuite skipped="0" hostname="SMISAL-FXX63M3" name="SeleniumConcepts.AlertDemo" tests="1" failures="0" timestamp="01 Feb 2023 08:57:10 GMT" time="35.908" errors="0">
  <testcase name="alertTest" time="35.908" classname="SeleniumConcepts.AlertDemo"/>
</testsuite> <!-- SeleniumConcepts.AlertDemo -->
