<?xml version="1.0" encoding="UTF-8"?>
<!-- Generated by org.testng.reporters.JUnitReportReporter -->
<testsuite skipped="0" hostname="SMISAL-FXX63M3" name="testcasesForAmazon.Test2" tests="1" failures="0" timestamp="01 Feb 2023 07:20:39 GMT" time="30.409" errors="0">
  <testcase name="amazonTC2Furniture" time="30.409" classname="testcasesForAmazon.Test2"/>
</testsuite> <!-- testcasesForAmazon.Test2 -->
