<?xml version="1.0" encoding="UTF-8"?>
<!-- Generated by org.testng.reporters.JUnitReportReporter -->
<testsuite skipped="0" hostname="SMISAL-FXX63M3" name="SeleniumConcepts.AlertPractice" tests="1" failures="0" timestamp="01 Feb 2023 11:44:40 GMT" time="39.758" errors="0">
  <testcase name="alertPracticeTest" time="39.758" classname="SeleniumConcepts.AlertPractice"/>
</testsuite> <!-- SeleniumConcepts.AlertPractice -->
