<?xml version="1.0" encoding="UTF-8"?>
<!-- Generated by org.testng.reporters.JUnitReportReporter -->
<testsuite skipped="0" hostname="SMISAL-FXX63M3" name="SeleniumConcepts.DragAndDrop" tests="1" failures="0" timestamp="03 Feb 2023 06:41:32 GMT" time="7.666" errors="0">
  <testcase name="DragAndDropTest" time="7.666" classname="SeleniumConcepts.DragAndDrop"/>
</testsuite> <!-- SeleniumConcepts.DragAndDrop -->
