<?xml version="1.0" encoding="UTF-8"?>
<!-- Generated by org.testng.reporters.JUnitReportReporter -->
<testsuite skipped="0" hostname="SMISAL-FXX63M3" name="SeleniumConcepts.WorkWithSelectObject" tests="1" failures="0" timestamp="01 Feb 2023 11:07:52 GMT" time="7.436" errors="0">
  <testcase name="selectTestCase" time="7.436" classname="SeleniumConcepts.WorkWithSelectObject"/>
</testsuite> <!-- SeleniumConcepts.WorkWithSelectObject -->
