<?xml version="1.0" encoding="UTF-8"?>
<!-- Generated by org.testng.reporters.JUnitReportReporter -->
<testsuite skipped="0" hostname="SMISAL-FXX63M3" name="SeleniumConcepts.WebTableDemo" tests="1" failures="0" timestamp="02 Feb 2023 06:38:05 GMT" time="8.768" errors="0">
  <testcase name="retrieveTableData" time="8.768" classname="SeleniumConcepts.WebTableDemo"/>
</testsuite> <!-- SeleniumConcepts.WebTableDemo -->
