<?xml version="1.0" encoding="UTF-8"?>
<!-- Generated by org.testng.reporters.JUnitReportReporter -->
<testsuite skipped="0" hostname="SMISAL-FXX63M3" name="SeleniumConcepts.NavigateBackForwardRefresh" tests="1" failures="0" timestamp="02 Feb 2023 07:21:38 GMT" time="28.607" errors="0">
  <testcase name="BackForwardAndRefreshTest" time="28.607" classname="SeleniumConcepts.NavigateBackForwardRefresh"/>
</testsuite> <!-- SeleniumConcepts.NavigateBackForwardRefresh -->
