<?xml version="1.0" encoding="UTF-8"?>
<!-- Generated by org.testng.reporters.JUnitReportReporter -->
<testsuite skipped="0" hostname="SMISAL-FXX63M3" name="SeleniumConcepts.UploadFilesUsingSikuli" tests="1" failures="0" timestamp="03 Feb 2023 06:04:39 GMT" time="34.338" errors="1">
  <testcase name="sikuliTest" time="34.338" classname="SeleniumConcepts.UploadFilesUsingSikuli">
    <error type="org.sikuli.script.FindFailed" message="D:\Eclipse\Sikuli\images\saveConvertedFile.PNG: (96x42) in R[0,0 1920x1080]@S(0)">
      <![CDATA[FindFailed: D:\Eclipse\Sikuli\images\saveConvertedFile.PNG: (96x42) in R[0,0 1920x1080]@S(0)
  Line 2222, in file Region.java

at org.sikuli.script.Region.wait(Region.java:2222)
at org.sikuli.script.Region.wait(Region.java:2240)
at org.sikuli.script.Region.getLocationFromTarget(Region.java:3188)
at org.sikuli.script.Region.click(Region.java:3806)
at org.sikuli.script.Region.click(Region.java:3782)
at SeleniumConcepts.UploadFilesUsingSikuli.sikuliTest(UploadFilesUsingSikuli.java:60)
at sun.reflect.NativeMethodAccessorImpl.invoke0(Native Method)
at sun.reflect.NativeMethodAccessorImpl.invoke(Unknown Source)
at sun.reflect.DelegatingMethodAccessorImpl.invoke(Unknown Source)
at java.lang.reflect.Method.invoke(Unknown Source)
at org.testng.internal.MethodInvocationHelper.invokeMethod(MethodInvocationHelper.java:124)
at org.testng.internal.Invoker.invokeMethod(Invoker.java:580)
at org.testng.internal.Invoker.invokeTestMethod(Invoker.java:716)
at org.testng.internal.Invoker.invokeTestMethods(Invoker.java:988)
at org.testng.internal.TestMethodWorker.invokeTestMethods(TestMethodWorker.java:125)
at org.testng.internal.TestMethodWorker.run(TestMethodWorker.java:109)
at org.testng.TestRunner.privateRun(TestRunner.java:648)
at org.testng.TestRunner.run(TestRunner.java:505)
at org.testng.SuiteRunner.runTest(SuiteRunner.java:455)
at org.testng.SuiteRunner.runSequentially(SuiteRunner.java:450)
at org.testng.SuiteRunner.privateRun(SuiteRunner.java:415)
at org.testng.SuiteRunner.run(SuiteRunner.java:364)
at org.testng.SuiteRunnerWorker.runSuite(SuiteRunnerWorker.java:52)
at org.testng.SuiteRunnerWorker.run(SuiteRunnerWorker.java:84)
at org.testng.TestNG.runSuitesSequentially(TestNG.java:1208)
at org.testng.TestNG.runSuitesLocally(TestNG.java:1137)
at org.testng.TestNG.runSuites(TestNG.java:1049)
at org.testng.TestNG.run(TestNG.java:1017)
at org.testng.remote.AbstractRemoteTestNG.run(AbstractRemoteTestNG.java:114)
at org.testng.remote.RemoteTestNG.initAndRun(RemoteTestNG.java:251)
at org.testng.remote.RemoteTestNG.main(RemoteTestNG.java:77)
]]>
    </error>
  </testcase> <!-- sikuliTest -->
</testsuite> <!-- SeleniumConcepts.UploadFilesUsingSikuli -->
