<?xml version="1.0" encoding="UTF-8"?>
<!-- Generated by org.testng.reporters.JUnitReportReporter -->
<testsuite skipped="0" hostname="SMISAL-FXX63M3" name="SeleniumConcepts.MouseActions2" tests="1" failures="0" timestamp="03 Feb 2023 06:28:39 GMT" time="23.922" errors="0">
  <testcase name="mouseActionsTest" time="23.922" classname="SeleniumConcepts.MouseActions2"/>
</testsuite> <!-- SeleniumConcepts.MouseActions2 -->
