<?xml version="1.0" encoding="UTF-8"?>
<!-- Generated by org.testng.reporters.JUnitReportReporter -->
<testsuite skipped="0" hostname="SMISAL-FXX63M3" name="SeleniumConcepts.JQueryExample" tests="1" failures="0" timestamp="01 Feb 2023 09:37:30 GMT" time="7.394" errors="0">
  <testcase name="jqueryTest" time="7.394" classname="SeleniumConcepts.JQueryExample"/>
</testsuite> <!-- SeleniumConcepts.JQueryExample -->
