<?xml version="1.0" encoding="UTF-8"?>
<!-- Generated by org.testng.reporters.JUnitReportReporter -->
<testsuite skipped="0" hostname="SMISAL-FXX63M3" name="SeleniumConcepts.RetrieveAllLinksInAPage" tests="1" failures="0" timestamp="02 Feb 2023 06:03:11 GMT" time="11.517" errors="0">
  <testcase name="retrieveLinksTestCase" time="11.517" classname="SeleniumConcepts.RetrieveAllLinksInAPage"/>
</testsuite> <!-- SeleniumConcepts.RetrieveAllLinksInAPage -->
