<?xml version="1.0" encoding="UTF-8"?>
<!-- Generated by org.testng.reporters.JUnitReportReporter -->
<testsuite skipped="0" hostname="SMISAL-FXX63M3" name="Tests.AmazonTest1Computer" tests="1" failures="0" timestamp="02 Feb 2023 11:19:48 GMT" time="15.683" errors="0">
  <testcase name="testcase1" time="15.683" classname="Tests.AmazonTest1Computer"/>
</testsuite> <!-- Tests.AmazonTest1Computer -->
