<?xml version="1.0" encoding="UTF-8"?>
<!-- Generated by org.testng.reporters.JUnitReportReporter -->
<testsuite skipped="0" hostname="SMISAL-FXX63M3" name="Tests.AmazonTest2Home" tests="1" failures="0" timestamp="02 Feb 2023 11:19:48 GMT" time="35.693" errors="0">
  <testcase name="testcase2" time="35.693" classname="Tests.AmazonTest2Home"/>
</testsuite> <!-- Tests.AmazonTest2Home -->
