<?xml version="1.0" encoding="UTF-8"?>
<!-- Generated by org.testng.reporters.JUnitReportReporter -->
<testsuite skipped="0" hostname="SMISAL-FXX63M3" name="Tests.AmazonTest3MensWatches" tests="1" failures="0" timestamp="02 Feb 2023 11:19:48 GMT" time="37.723" errors="0">
  <testcase name="testcase3" time="37.723" classname="Tests.AmazonTest3MensWatches"/>
</testsuite> <!-- Tests.AmazonTest3MensWatches -->
