<?xml version="1.0" encoding="UTF-8"?>
<!-- Generated by org.testng.reporters.JUnitReportReporter -->
<testsuite skipped="0" hostname="SMISAL-FXX63M3" name="Tests.amazonTest1" tests="1" failures="0" timestamp="02 Feb 2023 10:50:39 GMT" time="21.123" errors="0">
  <testcase name="testcase1" time="21.123" classname="Tests.amazonTest1"/>
</testsuite> <!-- Tests.amazonTest1 -->
