<?xml version="1.0" encoding="UTF-8"?>
<!-- Generated by org.testng.reporters.JUnitReportReporter -->
<testsuite skipped="0" hostname="SMISAL-FXX63M3" name="Utils.TestBase" tests="2" failures="0" timestamp="02 Feb 2023 09:44:24 GMT" time="5.900" errors="0">
  <testcase name="openBrowser" time="5.214" classname="Utils.TestBase"/>
  <testcase name="closeBrowser" time="0.686" classname="Utils.TestBase"/>
</testsuite> <!-- Utils.TestBase -->
